{"/home/angel/Documentos/bootcamp/gobarber/appgobarber/src/components/Button/index.tsx": {"path":"/home/angel/Documentos/bootcamp/gobarber/appgobarber/src/components/Button/index.tsx","statementMap":{"0":{"start":{"line":9,"column":38},"end":{"line":13,"column":1}},"1":{"start":{"line":10,"column":2},"end":{"line":12,"column":14}}},"fnMap":{"0":{"name":"(anonymous_0)","decl":{"start":{"line":9,"column":38},"end":{"line":9,"column":39}},"loc":{"start":{"line":10,"column":2},"end":{"line":12,"column":14}},"line":10}},"branchMap":{},"s":{"0":0,"1":0},"f":{"0":0},"b":{}}
,"/home/angel/Documentos/bootcamp/gobarber/appgobarber/src/components/Input/index.tsx": {"path":"/home/angel/Documentos/bootcamp/gobarber/appgobarber/src/components/Input/index.tsx","statementMap":{"0":{"start":{"line":25,"column":66},"end":{"line":88,"column":1}},"1":{"start":{"line":29,"column":26},"end":{"line":29,"column":43}},"2":{"start":{"line":30,"column":65},"end":{"line":30,"column":79}},"3":{"start":{"line":31,"column":24},"end":{"line":31,"column":76}},"4":{"start":{"line":33,"column":36},"end":{"line":33,"column":51}},"5":{"start":{"line":34,"column":34},"end":{"line":34,"column":49}},"6":{"start":{"line":36,"column":27},"end":{"line":38,"column":8}},"7":{"start":{"line":37,"column":4},"end":{"line":37,"column":23}},"8":{"start":{"line":40,"column":26},"end":{"line":43,"column":8}},"9":{"start":{"line":41,"column":4},"end":{"line":41,"column":24}},"10":{"start":{"line":42,"column":4},"end":{"line":42,"column":47}},"11":{"start":{"line":45,"column":2},"end":{"line":49,"column":6}},"12":{"start":{"line":45,"column":34},"end":{"line":49,"column":3}},"13":{"start":{"line":47,"column":6},"end":{"line":47,"column":38}},"14":{"start":{"line":51,"column":2},"end":{"line":65,"column":33}},"15":{"start":{"line":52,"column":4},"end":{"line":64,"column":7}},"16":{"start":{"line":57,"column":8},"end":{"line":57,"column":44}},"17":{"start":{"line":58,"column":8},"end":{"line":58,"column":64}},"18":{"start":{"line":61,"column":8},"end":{"line":61,"column":41}},"19":{"start":{"line":62,"column":8},"end":{"line":62,"column":40}},"20":{"start":{"line":67,"column":2},"end":{"line":87,"column":4}},"21":{"start":{"line":82,"column":10},"end":{"line":82,"column":46}}},"fnMap":{"0":{"name":"(anonymous_0)","decl":{"start":{"line":25,"column":66},"end":{"line":25,"column":67}},"loc":{"start":{"line":28,"column":5},"end":{"line":88,"column":1}},"line":28},"1":{"name":"(anonymous_1)","decl":{"start":{"line":36,"column":39},"end":{"line":36,"column":40}},"loc":{"start":{"line":36,"column":45},"end":{"line":38,"column":3}},"line":36},"2":{"name":"(anonymous_2)","decl":{"start":{"line":40,"column":38},"end":{"line":40,"column":39}},"loc":{"start":{"line":40,"column":44},"end":{"line":43,"column":3}},"line":40},"3":{"name":"(anonymous_3)","decl":{"start":{"line":45,"column":27},"end":{"line":45,"column":28}},"loc":{"start":{"line":45,"column":34},"end":{"line":49,"column":3}},"line":45},"4":{"name":"(anonymous_4)","decl":{"start":{"line":46,"column":4},"end":{"line":46,"column":5}},"loc":{"start":{"line":46,"column":12},"end":{"line":48,"column":5}},"line":46},"5":{"name":"(anonymous_5)","decl":{"start":{"line":51,"column":12},"end":{"line":51,"column":13}},"loc":{"start":{"line":51,"column":18},"end":{"line":65,"column":3}},"line":51},"6":{"name":"(anonymous_6)","decl":{"start":{"line":56,"column":6},"end":{"line":56,"column":7}},"loc":{"start":{"line":56,"column":27},"end":{"line":59,"column":7}},"line":56},"7":{"name":"(anonymous_7)","decl":{"start":{"line":60,"column":6},"end":{"line":60,"column":7}},"loc":{"start":{"line":60,"column":19},"end":{"line":63,"column":7}},"line":60},"8":{"name":"(anonymous_8)","decl":{"start":{"line":81,"column":22},"end":{"line":81,"column":23}},"loc":{"start":{"line":81,"column":31},"end":{"line":83,"column":9}},"line":81}},"branchMap":{"0":{"loc":{"start":{"line":26,"column":16},"end":{"line":26,"column":35}},"type":"default-arg","locations":[{"start":{"line":26,"column":33},"end":{"line":26,"column":35}}],"line":26},"1":{"loc":{"start":{"line":30,"column":25},"end":{"line":30,"column":42}},"type":"default-arg","locations":[{"start":{"line":30,"column":40},"end":{"line":30,"column":42}}],"line":30},"2":{"loc":{"start":{"line":72,"column":15},"end":{"line":72,"column":60}},"type":"cond-expr","locations":[{"start":{"line":72,"column":39},"end":{"line":72,"column":48}},{"start":{"line":72,"column":51},"end":{"line":72,"column":60}}],"line":72},"3":{"loc":{"start":{"line":72,"column":15},"end":{"line":72,"column":36}},"type":"binary-expr","locations":[{"start":{"line":72,"column":15},"end":{"line":72,"column":24}},{"start":{"line":72,"column":28},"end":{"line":72,"column":36}}],"line":72}},"s":{"0":0,"1":0,"2":0,"3":0,"4":0,"5":0,"6":0,"7":0,"8":0,"9":0,"10":0,"11":0,"12":0,"13":0,"14":0,"15":0,"16":0,"17":0,"18":0,"19":0,"20":0,"21":0},"f":{"0":0,"1":0,"2":0,"3":0,"4":0,"5":0,"6":0,"7":0,"8":0},"b":{"0":[0],"1":[0],"2":[0,0],"3":[0,0]}}
,"/home/angel/Documentos/bootcamp/gobarber/appgobarber/src/hooks/auth.tsx": {"path":"/home/angel/Documentos/bootcamp/gobarber/appgobarber/src/hooks/auth.tsx","statementMap":{"0":{"start":{"line":34,"column":20},"end":{"line":34,"column":73}},"1":{"start":{"line":36,"column":38},"end":{"line":100,"column":1}},"2":{"start":{"line":37,"column":26},"end":{"line":37,"column":62}},"3":{"start":{"line":38,"column":32},"end":{"line":38,"column":46}},"4":{"start":{"line":40,"column":2},"end":{"line":55,"column":9}},"5":{"start":{"line":42,"column":28},"end":{"line":45,"column":8}},"6":{"start":{"line":47,"column":6},"end":{"line":50,"column":7}},"7":{"start":{"line":48,"column":8},"end":{"line":48,"column":66}},"8":{"start":{"line":49,"column":8},"end":{"line":49,"column":64}},"9":{"start":{"line":52,"column":6},"end":{"line":52,"column":24}},"10":{"start":{"line":54,"column":4},"end":{"line":54,"column":22}},"11":{"start":{"line":57,"column":17},"end":{"line":73,"column":8}},"12":{"start":{"line":58,"column":21},"end":{"line":61,"column":6}},"13":{"start":{"line":63,"column":28},"end":{"line":63,"column":41}},"14":{"start":{"line":65,"column":4},"end":{"line":68,"column":7}},"15":{"start":{"line":70,"column":4},"end":{"line":70,"column":59}},"16":{"start":{"line":72,"column":4},"end":{"line":72,"column":29}},"17":{"start":{"line":75,"column":18},"end":{"line":79,"column":8}},"18":{"start":{"line":76,"column":4},"end":{"line":76,"column":74}},"19":{"start":{"line":78,"column":4},"end":{"line":78,"column":29}},"20":{"start":{"line":81,"column":21},"end":{"line":91,"column":3}},"21":{"start":{"line":83,"column":6},"end":{"line":83,"column":73}},"22":{"start":{"line":85,"column":6},"end":{"line":88,"column":9}},"23":{"start":{"line":93,"column":2},"end":{"line":99,"column":4}},"24":{"start":{"line":103,"column":18},"end":{"line":103,"column":41}},"25":{"start":{"line":105,"column":2},"end":{"line":107,"column":3}},"26":{"start":{"line":106,"column":4},"end":{"line":106,"column":67}},"27":{"start":{"line":109,"column":2},"end":{"line":109,"column":17}}},"fnMap":{"0":{"name":"(anonymous_0)","decl":{"start":{"line":36,"column":38},"end":{"line":36,"column":39}},"loc":{"start":{"line":36,"column":56},"end":{"line":100,"column":1}},"line":36},"1":{"name":"(anonymous_1)","decl":{"start":{"line":40,"column":12},"end":{"line":40,"column":13}},"loc":{"start":{"line":40,"column":18},"end":{"line":55,"column":3}},"line":40},"2":{"name":"loadStorageData","decl":{"start":{"line":41,"column":19},"end":{"line":41,"column":34}},"loc":{"start":{"line":41,"column":52},"end":{"line":53,"column":5}},"line":41},"3":{"name":"(anonymous_3)","decl":{"start":{"line":57,"column":29},"end":{"line":57,"column":30}},"loc":{"start":{"line":57,"column":60},"end":{"line":73,"column":3}},"line":57},"4":{"name":"(anonymous_4)","decl":{"start":{"line":75,"column":30},"end":{"line":75,"column":31}},"loc":{"start":{"line":75,"column":42},"end":{"line":79,"column":3}},"line":75},"5":{"name":"(anonymous_5)","decl":{"start":{"line":82,"column":4},"end":{"line":82,"column":5}},"loc":{"start":{"line":82,"column":26},"end":{"line":89,"column":5}},"line":82},"6":{"name":"useAuth","decl":{"start":{"line":102,"column":16},"end":{"line":102,"column":23}},"loc":{"start":{"line":102,"column":43},"end":{"line":110,"column":1}},"line":102}},"branchMap":{"0":{"loc":{"start":{"line":47,"column":6},"end":{"line":50,"column":7}},"type":"if","locations":[{"start":{"line":47,"column":6},"end":{"line":50,"column":7}},{"start":{"line":47,"column":6},"end":{"line":50,"column":7}}],"line":47},"1":{"loc":{"start":{"line":47,"column":10},"end":{"line":47,"column":29}},"type":"binary-expr","locations":[{"start":{"line":47,"column":10},"end":{"line":47,"column":18}},{"start":{"line":47,"column":22},"end":{"line":47,"column":29}}],"line":47},"2":{"loc":{"start":{"line":105,"column":2},"end":{"line":107,"column":3}},"type":"if","locations":[{"start":{"line":105,"column":2},"end":{"line":107,"column":3}},{"start":{"line":105,"column":2},"end":{"line":107,"column":3}}],"line":105}},"s":{"0":0,"1":0,"2":0,"3":0,"4":0,"5":0,"6":0,"7":0,"8":0,"9":0,"10":0,"11":0,"12":0,"13":0,"14":0,"15":0,"16":0,"17":0,"18":0,"19":0,"20":0,"21":0,"22":0,"23":0,"24":0,"25":0,"26":0,"27":0},"f":{"0":0,"1":0,"2":0,"3":0,"4":0,"5":0,"6":0},"b":{"0":[0,0],"1":[0,0],"2":[0,0]}}
,"/home/angel/Documentos/bootcamp/gobarber/appgobarber/src/pages/AppointmentCreated/index.tsx": {"path":"/home/angel/Documentos/bootcamp/gobarber/appgobarber/src/pages/AppointmentCreated/index.tsx","statementMap":{"0":{"start":{"line":18,"column":37},"end":{"line":50,"column":1}},"1":{"start":{"line":19,"column":20},"end":{"line":19,"column":35}},"2":{"start":{"line":20,"column":21},"end":{"line":20,"column":31}},"3":{"start":{"line":21,"column":22},"end":{"line":21,"column":43}},"4":{"start":{"line":23,"column":26},"end":{"line":28,"column":13}},"5":{"start":{"line":24,"column":4},"end":{"line":27,"column":7}},"6":{"start":{"line":30,"column":24},"end":{"line":36,"column":24}},"7":{"start":{"line":31,"column":4},"end":{"line":35,"column":6}},"8":{"start":{"line":38,"column":2},"end":{"line":49,"column":4}}},"fnMap":{"0":{"name":"(anonymous_0)","decl":{"start":{"line":18,"column":37},"end":{"line":18,"column":38}},"loc":{"start":{"line":18,"column":43},"end":{"line":50,"column":1}},"line":18},"1":{"name":"(anonymous_1)","decl":{"start":{"line":23,"column":38},"end":{"line":23,"column":39}},"loc":{"start":{"line":23,"column":44},"end":{"line":28,"column":3}},"line":23},"2":{"name":"(anonymous_2)","decl":{"start":{"line":30,"column":32},"end":{"line":30,"column":33}},"loc":{"start":{"line":30,"column":38},"end":{"line":36,"column":3}},"line":30}},"branchMap":{},"s":{"0":0,"1":0,"2":0,"3":0,"4":0,"5":0,"6":0,"7":0,"8":0},"f":{"0":0,"1":0,"2":0},"b":{}}
,"/home/angel/Documentos/bootcamp/gobarber/appgobarber/src/pages/CreateAppointment/index.tsx": {"path":"/home/angel/Documentos/bootcamp/gobarber/appgobarber/src/pages/CreateAppointment/index.tsx","statementMap":{"0":{"start":{"line":50,"column":36},"end":{"line":254,"column":1}},"1":{"start":{"line":51,"column":19},"end":{"line":51,"column":28}},"2":{"start":{"line":52,"column":16},"end":{"line":52,"column":26}},"3":{"start":{"line":53,"column":31},"end":{"line":53,"column":46}},"4":{"start":{"line":54,"column":22},"end":{"line":54,"column":49}},"5":{"start":{"line":56,"column":46},"end":{"line":56,"column":61}},"6":{"start":{"line":57,"column":42},"end":{"line":57,"column":74}},"7":{"start":{"line":58,"column":42},"end":{"line":58,"column":62}},"8":{"start":{"line":59,"column":42},"end":{"line":59,"column":53}},"9":{"start":{"line":60,"column":36},"end":{"line":60,"column":60}},"10":{"start":{"line":61,"column":50},"end":{"line":63,"column":3}},"11":{"start":{"line":65,"column":2},"end":{"line":69,"column":9}},"12":{"start":{"line":66,"column":4},"end":{"line":68,"column":7}},"13":{"start":{"line":67,"column":6},"end":{"line":67,"column":34}},"14":{"start":{"line":71,"column":2},"end":{"line":83,"column":39}},"15":{"start":{"line":72,"column":4},"end":{"line":82,"column":9}},"16":{"start":{"line":81,"column":8},"end":{"line":81,"column":39}},"17":{"start":{"line":85,"column":23},"end":{"line":87,"column":14}},"18":{"start":{"line":86,"column":4},"end":{"line":86,"column":13}},"19":{"start":{"line":89,"column":31},"end":{"line":91,"column":8}},"20":{"start":{"line":90,"column":4},"end":{"line":90,"column":36}},"21":{"start":{"line":93,"column":33},"end":{"line":95,"column":8}},"22":{"start":{"line":94,"column":4},"end":{"line":94,"column":39}},"23":{"start":{"line":94,"column":31},"end":{"line":94,"column":37}},"24":{"start":{"line":97,"column":28},"end":{"line":108,"column":3}},"25":{"start":{"line":99,"column":6},"end":{"line":101,"column":7}},"26":{"start":{"line":100,"column":8},"end":{"line":100,"column":33}},"27":{"start":{"line":103,"column":6},"end":{"line":105,"column":7}},"28":{"start":{"line":104,"column":8},"end":{"line":104,"column":30}},"29":{"start":{"line":110,"column":27},"end":{"line":112,"column":8}},"30":{"start":{"line":111,"column":4},"end":{"line":111,"column":26}},"31":{"start":{"line":114,"column":34},"end":{"line":133,"column":62}},"32":{"start":{"line":115,"column":4},"end":{"line":132,"column":5}},"33":{"start":{"line":116,"column":19},"end":{"line":116,"column":41}},"34":{"start":{"line":118,"column":6},"end":{"line":118,"column":34}},"35":{"start":{"line":119,"column":6},"end":{"line":119,"column":25}},"36":{"start":{"line":121,"column":6},"end":{"line":124,"column":9}},"37":{"start":{"line":126,"column":6},"end":{"line":126,"column":63}},"38":{"start":{"line":128,"column":6},"end":{"line":131,"column":8}},"39":{"start":{"line":135,"column":30},"end":{"line":145,"column":20}},"40":{"start":{"line":136,"column":4},"end":{"line":144,"column":9}},"41":{"start":{"line":137,"column":28},"end":{"line":137,"column":37}},"42":{"start":{"line":139,"column":8},"end":{"line":143,"column":10}},"43":{"start":{"line":147,"column":32},"end":{"line":157,"column":20}},"44":{"start":{"line":148,"column":4},"end":{"line":156,"column":9}},"45":{"start":{"line":149,"column":28},"end":{"line":149,"column":38}},"46":{"start":{"line":151,"column":8},"end":{"line":155,"column":10}},"47":{"start":{"line":159,"column":2},"end":{"line":253,"column":4}},"48":{"start":{"line":175,"column":38},"end":{"line":175,"column":49}},"49":{"start":{"line":177,"column":14},"end":{"line":185,"column":34}},"50":{"start":{"line":178,"column":31},"end":{"line":178,"column":64}},"51":{"start":{"line":212,"column":16},"end":{"line":222,"column":23}},"52":{"start":{"line":215,"column":33},"end":{"line":215,"column":55}},"53":{"start":{"line":232,"column":18},"end":{"line":242,"column":25}},"54":{"start":{"line":235,"column":35},"end":{"line":235,"column":57}}},"fnMap":{"0":{"name":"(anonymous_0)","decl":{"start":{"line":50,"column":36},"end":{"line":50,"column":37}},"loc":{"start":{"line":50,"column":42},"end":{"line":254,"column":1}},"line":50},"1":{"name":"(anonymous_1)","decl":{"start":{"line":65,"column":12},"end":{"line":65,"column":13}},"loc":{"start":{"line":65,"column":18},"end":{"line":69,"column":3}},"line":65},"2":{"name":"(anonymous_2)","decl":{"start":{"line":66,"column":30},"end":{"line":66,"column":31}},"loc":{"start":{"line":66,"column":42},"end":{"line":68,"column":5}},"line":66},"3":{"name":"(anonymous_3)","decl":{"start":{"line":71,"column":12},"end":{"line":71,"column":13}},"loc":{"start":{"line":71,"column":18},"end":{"line":83,"column":3}},"line":71},"4":{"name":"(anonymous_4)","decl":{"start":{"line":80,"column":12},"end":{"line":80,"column":13}},"loc":{"start":{"line":80,"column":24},"end":{"line":82,"column":7}},"line":80},"5":{"name":"(anonymous_5)","decl":{"start":{"line":85,"column":35},"end":{"line":85,"column":36}},"loc":{"start":{"line":85,"column":41},"end":{"line":87,"column":3}},"line":85},"6":{"name":"(anonymous_6)","decl":{"start":{"line":89,"column":43},"end":{"line":89,"column":44}},"loc":{"start":{"line":89,"column":67},"end":{"line":91,"column":3}},"line":89},"7":{"name":"(anonymous_7)","decl":{"start":{"line":93,"column":45},"end":{"line":93,"column":46}},"loc":{"start":{"line":93,"column":51},"end":{"line":95,"column":3}},"line":93},"8":{"name":"(anonymous_8)","decl":{"start":{"line":94,"column":22},"end":{"line":94,"column":23}},"loc":{"start":{"line":94,"column":31},"end":{"line":94,"column":37}},"line":94},"9":{"name":"(anonymous_9)","decl":{"start":{"line":98,"column":4},"end":{"line":98,"column":5}},"loc":{"start":{"line":98,"column":44},"end":{"line":106,"column":5}},"line":98},"10":{"name":"(anonymous_10)","decl":{"start":{"line":110,"column":39},"end":{"line":110,"column":40}},"loc":{"start":{"line":110,"column":57},"end":{"line":112,"column":3}},"line":110},"11":{"name":"(anonymous_11)","decl":{"start":{"line":114,"column":46},"end":{"line":114,"column":47}},"loc":{"start":{"line":114,"column":58},"end":{"line":133,"column":3}},"line":114},"12":{"name":"(anonymous_12)","decl":{"start":{"line":135,"column":38},"end":{"line":135,"column":39}},"loc":{"start":{"line":135,"column":44},"end":{"line":145,"column":3}},"line":135},"13":{"name":"(anonymous_13)","decl":{"start":{"line":137,"column":14},"end":{"line":137,"column":15}},"loc":{"start":{"line":137,"column":28},"end":{"line":137,"column":37}},"line":137},"14":{"name":"(anonymous_14)","decl":{"start":{"line":138,"column":11},"end":{"line":138,"column":12}},"loc":{"start":{"line":138,"column":36},"end":{"line":144,"column":7}},"line":138},"15":{"name":"(anonymous_15)","decl":{"start":{"line":147,"column":40},"end":{"line":147,"column":41}},"loc":{"start":{"line":147,"column":46},"end":{"line":157,"column":3}},"line":147},"16":{"name":"(anonymous_16)","decl":{"start":{"line":149,"column":14},"end":{"line":149,"column":15}},"loc":{"start":{"line":149,"column":28},"end":{"line":149,"column":38}},"line":149},"17":{"name":"(anonymous_17)","decl":{"start":{"line":150,"column":11},"end":{"line":150,"column":12}},"loc":{"start":{"line":150,"column":36},"end":{"line":156,"column":7}},"line":150},"18":{"name":"(anonymous_18)","decl":{"start":{"line":175,"column":26},"end":{"line":175,"column":27}},"loc":{"start":{"line":175,"column":38},"end":{"line":175,"column":49}},"line":175},"19":{"name":"(anonymous_19)","decl":{"start":{"line":176,"column":24},"end":{"line":176,"column":25}},"loc":{"start":{"line":177,"column":14},"end":{"line":185,"column":34}},"line":177},"20":{"name":"(anonymous_20)","decl":{"start":{"line":178,"column":25},"end":{"line":178,"column":26}},"loc":{"start":{"line":178,"column":31},"end":{"line":178,"column":64}},"line":178},"21":{"name":"(anonymous_21)","decl":{"start":{"line":211,"column":39},"end":{"line":211,"column":40}},"loc":{"start":{"line":212,"column":16},"end":{"line":222,"column":23}},"line":212},"22":{"name":"(anonymous_22)","decl":{"start":{"line":215,"column":27},"end":{"line":215,"column":28}},"loc":{"start":{"line":215,"column":33},"end":{"line":215,"column":55}},"line":215},"23":{"name":"(anonymous_23)","decl":{"start":{"line":231,"column":16},"end":{"line":231,"column":17}},"loc":{"start":{"line":232,"column":18},"end":{"line":242,"column":25}},"line":232},"24":{"name":"(anonymous_24)","decl":{"start":{"line":235,"column":29},"end":{"line":235,"column":30}},"loc":{"start":{"line":235,"column":35},"end":{"line":235,"column":57}},"line":235}},"branchMap":{"0":{"loc":{"start":{"line":99,"column":6},"end":{"line":101,"column":7}},"type":"if","locations":[{"start":{"line":99,"column":6},"end":{"line":101,"column":7}},{"start":{"line":99,"column":6},"end":{"line":101,"column":7}}],"line":99},"1":{"loc":{"start":{"line":103,"column":6},"end":{"line":105,"column":7}},"type":"if","locations":[{"start":{"line":103,"column":6},"end":{"line":105,"column":7}},{"start":{"line":103,"column":6},"end":{"line":105,"column":7}}],"line":103},"2":{"loc":{"start":{"line":196,"column":11},"end":{"line":203,"column":11}},"type":"binary-expr","locations":[{"start":{"line":196,"column":11},"end":{"line":196,"column":25}},{"start":{"line":197,"column":12},"end":{"line":202,"column":14}}],"line":196}},"s":{"0":0,"1":0,"2":0,"3":0,"4":0,"5":0,"6":0,"7":0,"8":0,"9":0,"10":0,"11":0,"12":0,"13":0,"14":0,"15":0,"16":0,"17":0,"18":0,"19":0,"20":0,"21":0,"22":0,"23":0,"24":0,"25":0,"26":0,"27":0,"28":0,"29":0,"30":0,"31":0,"32":0,"33":0,"34":0,"35":0,"36":0,"37":0,"38":0,"39":0,"40":0,"41":0,"42":0,"43":0,"44":0,"45":0,"46":0,"47":0,"48":0,"49":0,"50":0,"51":0,"52":0,"53":0,"54":0},"f":{"0":0,"1":0,"2":0,"3":0,"4":0,"5":0,"6":0,"7":0,"8":0,"9":0,"10":0,"11":0,"12":0,"13":0,"14":0,"15":0,"16":0,"17":0,"18":0,"19":0,"20":0,"21":0,"22":0,"23":0,"24":0},"b":{"0":[0,0],"1":[0,0],"2":[0,0]}}
,"/home/angel/Documentos/bootcamp/gobarber/appgobarber/src/pages/Dashboard/index.tsx": {"path":"/home/angel/Documentos/bootcamp/gobarber/appgobarber/src/pages/Dashboard/index.tsx","statementMap":{"0":{"start":{"line":29,"column":28},"end":{"line":94,"column":1}},"1":{"start":{"line":30,"column":36},"end":{"line":30,"column":60}},"2":{"start":{"line":31,"column":19},"end":{"line":31,"column":28}},"3":{"start":{"line":32,"column":23},"end":{"line":32,"column":38}},"4":{"start":{"line":34,"column":2},"end":{"line":38,"column":9}},"5":{"start":{"line":35,"column":4},"end":{"line":37,"column":7}},"6":{"start":{"line":36,"column":6},"end":{"line":36,"column":34}},"7":{"start":{"line":40,"column":28},"end":{"line":42,"column":16}},"8":{"start":{"line":41,"column":4},"end":{"line":41,"column":24}},"9":{"start":{"line":44,"column":38},"end":{"line":49,"column":3}},"10":{"start":{"line":46,"column":6},"end":{"line":46,"column":52}},"11":{"start":{"line":51,"column":2},"end":{"line":93,"column":4}},"12":{"start":{"line":66,"column":34},"end":{"line":66,"column":45}},"13":{"start":{"line":71,"column":10},"end":{"line":89,"column":30}},"14":{"start":{"line":72,"column":27},"end":{"line":72,"column":67}}},"fnMap":{"0":{"name":"(anonymous_0)","decl":{"start":{"line":29,"column":28},"end":{"line":29,"column":29}},"loc":{"start":{"line":29,"column":34},"end":{"line":94,"column":1}},"line":29},"1":{"name":"(anonymous_1)","decl":{"start":{"line":34,"column":12},"end":{"line":34,"column":13}},"loc":{"start":{"line":34,"column":18},"end":{"line":38,"column":3}},"line":34},"2":{"name":"(anonymous_2)","decl":{"start":{"line":35,"column":30},"end":{"line":35,"column":31}},"loc":{"start":{"line":35,"column":42},"end":{"line":37,"column":5}},"line":35},"3":{"name":"(anonymous_3)","decl":{"start":{"line":40,"column":40},"end":{"line":40,"column":41}},"loc":{"start":{"line":40,"column":46},"end":{"line":42,"column":3}},"line":40},"4":{"name":"(anonymous_4)","decl":{"start":{"line":45,"column":4},"end":{"line":45,"column":5}},"loc":{"start":{"line":45,"column":28},"end":{"line":47,"column":5}},"line":45},"5":{"name":"(anonymous_5)","decl":{"start":{"line":66,"column":22},"end":{"line":66,"column":23}},"loc":{"start":{"line":66,"column":34},"end":{"line":66,"column":45}},"line":66},"6":{"name":"(anonymous_6)","decl":{"start":{"line":70,"column":20},"end":{"line":70,"column":21}},"loc":{"start":{"line":71,"column":10},"end":{"line":89,"column":30}},"line":71},"7":{"name":"(anonymous_7)","decl":{"start":{"line":72,"column":21},"end":{"line":72,"column":22}},"loc":{"start":{"line":72,"column":27},"end":{"line":72,"column":67}},"line":72}},"branchMap":{},"s":{"0":0,"1":0,"2":0,"3":0,"4":0,"5":0,"6":0,"7":0,"8":0,"9":0,"10":0,"11":0,"12":0,"13":0,"14":0},"f":{"0":0,"1":0,"2":0,"3":0,"4":0,"5":0,"6":0,"7":0},"b":{}}
,"/home/angel/Documentos/bootcamp/gobarber/appgobarber/src/pages/Profile/index.tsx": {"path":"/home/angel/Documentos/bootcamp/gobarber/appgobarber/src/pages/Profile/index.tsx","statementMap":{"0":{"start":{"line":37,"column":26},"end":{"line":238,"column":1}},"1":{"start":{"line":38,"column":31},"end":{"line":38,"column":40}},"2":{"start":{"line":39,"column":18},"end":{"line":39,"column":43}},"3":{"start":{"line":40,"column":21},"end":{"line":40,"column":36}},"4":{"start":{"line":42,"column":24},"end":{"line":42,"column":47}},"5":{"start":{"line":43,"column":30},"end":{"line":43,"column":53}},"6":{"start":{"line":44,"column":27},"end":{"line":44,"column":50}},"7":{"start":{"line":45,"column":34},"end":{"line":45,"column":57}},"8":{"start":{"line":47,"column":23},"end":{"line":109,"column":3}},"9":{"start":{"line":49,"column":6},"end":{"line":106,"column":7}},"10":{"start":{"line":50,"column":8},"end":{"line":50,"column":39}},"11":{"start":{"line":52,"column":23},"end":{"line":70,"column":10}},"12":{"start":{"line":59,"column":23},"end":{"line":59,"column":35}},"13":{"start":{"line":65,"column":25},"end":{"line":65,"column":37}},"14":{"start":{"line":72,"column":8},"end":{"line":74,"column":11}},"15":{"start":{"line":82,"column":12},"end":{"line":82,"column":16}},"16":{"start":{"line":83,"column":25},"end":{"line":89,"column":9}},"17":{"start":{"line":91,"column":25},"end":{"line":91,"column":60}},"18":{"start":{"line":92,"column":8},"end":{"line":92,"column":34}},"19":{"start":{"line":93,"column":8},"end":{"line":93,"column":54}},"20":{"start":{"line":94,"column":8},"end":{"line":94,"column":28}},"21":{"start":{"line":96,"column":8},"end":{"line":100,"column":9}},"22":{"start":{"line":97,"column":25},"end":{"line":97,"column":49}},"23":{"start":{"line":98,"column":10},"end":{"line":98,"column":45}},"24":{"start":{"line":99,"column":10},"end":{"line":99,"column":17}},"25":{"start":{"line":102,"column":8},"end":{"line":105,"column":10}},"26":{"start":{"line":111,"column":29},"end":{"line":141,"column":27}},"27":{"start":{"line":112,"column":4},"end":{"line":140,"column":6}},"28":{"start":{"line":120,"column":8},"end":{"line":122,"column":9}},"29":{"start":{"line":121,"column":10},"end":{"line":121,"column":17}},"30":{"start":{"line":123,"column":8},"end":{"line":126,"column":9}},"31":{"start":{"line":124,"column":10},"end":{"line":124,"column":54}},"32":{"start":{"line":125,"column":10},"end":{"line":125,"column":17}},"33":{"start":{"line":128,"column":21},"end":{"line":128,"column":35}},"34":{"start":{"line":130,"column":8},"end":{"line":134,"column":11}},"35":{"start":{"line":136,"column":8},"end":{"line":138,"column":11}},"36":{"start":{"line":137,"column":10},"end":{"line":137,"column":39}},"37":{"start":{"line":143,"column":23},"end":{"line":145,"column":18}},"38":{"start":{"line":144,"column":4},"end":{"line":144,"column":24}},"39":{"start":{"line":147,"column":2},"end":{"line":237,"column":4}},"40":{"start":{"line":175,"column":18},"end":{"line":175,"column":49}},"41":{"start":{"line":188,"column":18},"end":{"line":188,"column":55}},"42":{"start":{"line":201,"column":18},"end":{"line":201,"column":52}},"43":{"start":{"line":213,"column":18},"end":{"line":213,"column":59}},"44":{"start":{"line":224,"column":39},"end":{"line":224,"column":66}},"45":{"start":{"line":228,"column":39},"end":{"line":228,"column":68}}},"fnMap":{"0":{"name":"(anonymous_0)","decl":{"start":{"line":37,"column":26},"end":{"line":37,"column":27}},"loc":{"start":{"line":37,"column":32},"end":{"line":238,"column":1}},"line":37},"1":{"name":"(anonymous_1)","decl":{"start":{"line":48,"column":4},"end":{"line":48,"column":5}},"loc":{"start":{"line":48,"column":37},"end":{"line":107,"column":5}},"line":48},"2":{"name":"(anonymous_2)","decl":{"start":{"line":59,"column":16},"end":{"line":59,"column":17}},"loc":{"start":{"line":59,"column":23},"end":{"line":59,"column":35}},"line":59},"3":{"name":"(anonymous_3)","decl":{"start":{"line":65,"column":18},"end":{"line":65,"column":19}},"loc":{"start":{"line":65,"column":25},"end":{"line":65,"column":37}},"line":65},"4":{"name":"(anonymous_4)","decl":{"start":{"line":111,"column":41},"end":{"line":111,"column":42}},"loc":{"start":{"line":111,"column":47},"end":{"line":141,"column":3}},"line":111},"5":{"name":"(anonymous_5)","decl":{"start":{"line":119,"column":6},"end":{"line":119,"column":7}},"loc":{"start":{"line":119,"column":18},"end":{"line":139,"column":7}},"line":119},"6":{"name":"(anonymous_6)","decl":{"start":{"line":136,"column":45},"end":{"line":136,"column":46}},"loc":{"start":{"line":136,"column":60},"end":{"line":138,"column":9}},"line":136},"7":{"name":"(anonymous_7)","decl":{"start":{"line":143,"column":35},"end":{"line":143,"column":36}},"loc":{"start":{"line":143,"column":41},"end":{"line":145,"column":3}},"line":143},"8":{"name":"(anonymous_8)","decl":{"start":{"line":174,"column":33},"end":{"line":174,"column":34}},"loc":{"start":{"line":174,"column":39},"end":{"line":176,"column":17}},"line":174},"9":{"name":"(anonymous_9)","decl":{"start":{"line":187,"column":33},"end":{"line":187,"column":34}},"loc":{"start":{"line":187,"column":39},"end":{"line":189,"column":17}},"line":187},"10":{"name":"(anonymous_10)","decl":{"start":{"line":200,"column":33},"end":{"line":200,"column":34}},"loc":{"start":{"line":200,"column":39},"end":{"line":202,"column":17}},"line":200},"11":{"name":"(anonymous_11)","decl":{"start":{"line":212,"column":33},"end":{"line":212,"column":34}},"loc":{"start":{"line":212,"column":39},"end":{"line":214,"column":17}},"line":212},"12":{"name":"(anonymous_12)","decl":{"start":{"line":224,"column":33},"end":{"line":224,"column":34}},"loc":{"start":{"line":224,"column":39},"end":{"line":224,"column":66}},"line":224},"13":{"name":"(anonymous_13)","decl":{"start":{"line":228,"column":33},"end":{"line":228,"column":34}},"loc":{"start":{"line":228,"column":39},"end":{"line":228,"column":68}},"line":228}},"branchMap":{"0":{"loc":{"start":{"line":86,"column":14},"end":{"line":88,"column":16}},"type":"cond-expr","locations":[{"start":{"line":87,"column":14},"end":{"line":87,"column":63}},{"start":{"line":88,"column":14},"end":{"line":88,"column":16}}],"line":86},"1":{"loc":{"start":{"line":96,"column":8},"end":{"line":100,"column":9}},"type":"if","locations":[{"start":{"line":96,"column":8},"end":{"line":100,"column":9}},{"start":{"line":96,"column":8},"end":{"line":100,"column":9}}],"line":96},"2":{"loc":{"start":{"line":120,"column":8},"end":{"line":122,"column":9}},"type":"if","locations":[{"start":{"line":120,"column":8},"end":{"line":122,"column":9}},{"start":{"line":120,"column":8},"end":{"line":122,"column":9}}],"line":120},"3":{"loc":{"start":{"line":123,"column":8},"end":{"line":126,"column":9}},"type":"if","locations":[{"start":{"line":123,"column":8},"end":{"line":126,"column":9}},{"start":{"line":123,"column":8},"end":{"line":126,"column":9}}],"line":123},"4":{"loc":{"start":{"line":151,"column":18},"end":{"line":151,"column":63}},"type":"cond-expr","locations":[{"start":{"line":151,"column":42},"end":{"line":151,"column":51}},{"start":{"line":151,"column":54},"end":{"line":151,"column":63}}],"line":151}},"s":{"0":0,"1":0,"2":0,"3":0,"4":0,"5":0,"6":0,"7":0,"8":0,"9":0,"10":0,"11":0,"12":0,"13":0,"14":0,"15":0,"16":0,"17":0,"18":0,"19":0,"20":0,"21":0,"22":0,"23":0,"24":0,"25":0,"26":0,"27":0,"28":0,"29":0,"30":0,"31":0,"32":0,"33":0,"34":0,"35":0,"36":0,"37":0,"38":0,"39":0,"40":0,"41":0,"42":0,"43":0,"44":0,"45":0},"f":{"0":0,"1":0,"2":0,"3":0,"4":0,"5":0,"6":0,"7":0,"8":0,"9":0,"10":0,"11":0,"12":0,"13":0},"b":{"0":[0,0],"1":[0,0],"2":[0,0],"3":[0,0],"4":[0,0]}}
,"/home/angel/Documentos/bootcamp/gobarber/appgobarber/src/pages/SignIn/index.tsx": {"path":"/home/angel/Documentos/bootcamp/gobarber/appgobarber/src/pages/SignIn/index.tsx","statementMap":{"0":{"start":{"line":35,"column":25},"end":{"line":144,"column":1}},"1":{"start":{"line":36,"column":18},"end":{"line":36,"column":43}},"2":{"start":{"line":37,"column":27},"end":{"line":37,"column":50}},"3":{"start":{"line":38,"column":21},"end":{"line":38,"column":36}},"4":{"start":{"line":39,"column":27},"end":{"line":39,"column":36}},"5":{"start":{"line":41,"column":2},"end":{"line":41,"column":20}},"6":{"start":{"line":43,"column":23},"end":{"line":78,"column":3}},"7":{"start":{"line":45,"column":6},"end":{"line":75,"column":7}},"8":{"start":{"line":46,"column":8},"end":{"line":46,"column":39}},"9":{"start":{"line":48,"column":23},"end":{"line":53,"column":10}},"10":{"start":{"line":55,"column":8},"end":{"line":57,"column":11}},"11":{"start":{"line":59,"column":8},"end":{"line":62,"column":11}},"12":{"start":{"line":64,"column":8},"end":{"line":64,"column":34}},"13":{"start":{"line":65,"column":8},"end":{"line":69,"column":9}},"14":{"start":{"line":66,"column":25},"end":{"line":66,"column":49}},"15":{"start":{"line":67,"column":10},"end":{"line":67,"column":45}},"16":{"start":{"line":68,"column":10},"end":{"line":68,"column":17}},"17":{"start":{"line":71,"column":8},"end":{"line":74,"column":10}},"18":{"start":{"line":80,"column":2},"end":{"line":143,"column":4}},"19":{"start":{"line":106,"column":18},"end":{"line":106,"column":52}},"20":{"start":{"line":117,"column":18},"end":{"line":117,"column":48}},"21":{"start":{"line":123,"column":20},"end":{"line":123,"column":50}},"22":{"start":{"line":138,"column":42},"end":{"line":138,"column":71}}},"fnMap":{"0":{"name":"(anonymous_0)","decl":{"start":{"line":35,"column":25},"end":{"line":35,"column":26}},"loc":{"start":{"line":35,"column":31},"end":{"line":144,"column":1}},"line":35},"1":{"name":"(anonymous_1)","decl":{"start":{"line":44,"column":4},"end":{"line":44,"column":5}},"loc":{"start":{"line":44,"column":36},"end":{"line":76,"column":5}},"line":44},"2":{"name":"(anonymous_2)","decl":{"start":{"line":105,"column":33},"end":{"line":105,"column":34}},"loc":{"start":{"line":105,"column":39},"end":{"line":107,"column":17}},"line":105},"3":{"name":"(anonymous_3)","decl":{"start":{"line":116,"column":33},"end":{"line":116,"column":34}},"loc":{"start":{"line":116,"column":39},"end":{"line":118,"column":17}},"line":116},"4":{"name":"(anonymous_4)","decl":{"start":{"line":122,"column":27},"end":{"line":122,"column":28}},"loc":{"start":{"line":122,"column":33},"end":{"line":124,"column":19}},"line":122},"5":{"name":"(anonymous_5)","decl":{"start":{"line":131,"column":37},"end":{"line":131,"column":38}},"loc":{"start":{"line":131,"column":43},"end":{"line":131,"column":45}},"line":131},"6":{"name":"(anonymous_6)","decl":{"start":{"line":138,"column":36},"end":{"line":138,"column":37}},"loc":{"start":{"line":138,"column":42},"end":{"line":138,"column":71}},"line":138}},"branchMap":{"0":{"loc":{"start":{"line":65,"column":8},"end":{"line":69,"column":9}},"type":"if","locations":[{"start":{"line":65,"column":8},"end":{"line":69,"column":9}},{"start":{"line":65,"column":8},"end":{"line":69,"column":9}}],"line":65},"1":{"loc":{"start":{"line":84,"column":18},"end":{"line":84,"column":63}},"type":"cond-expr","locations":[{"start":{"line":84,"column":42},"end":{"line":84,"column":51}},{"start":{"line":84,"column":54},"end":{"line":84,"column":63}}],"line":84}},"s":{"0":0,"1":0,"2":0,"3":0,"4":0,"5":0,"6":0,"7":0,"8":0,"9":0,"10":0,"11":0,"12":0,"13":0,"14":0,"15":0,"16":0,"17":0,"18":0,"19":0,"20":0,"21":0,"22":0},"f":{"0":0,"1":0,"2":0,"3":0,"4":0,"5":0,"6":0},"b":{"0":[0,0],"1":[0,0]}}
,"/home/angel/Documentos/bootcamp/gobarber/appgobarber/src/pages/SignUp/index.tsx": {"path":"/home/angel/Documentos/bootcamp/gobarber/appgobarber/src/pages/SignUp/index.tsx","statementMap":{"0":{"start":{"line":29,"column":25},"end":{"line":142,"column":1}},"1":{"start":{"line":30,"column":18},"end":{"line":30,"column":43}},"2":{"start":{"line":31,"column":21},"end":{"line":31,"column":36}},"3":{"start":{"line":33,"column":24},"end":{"line":33,"column":47}},"4":{"start":{"line":34,"column":27},"end":{"line":34,"column":50}},"5":{"start":{"line":36,"column":23},"end":{"line":73,"column":3}},"6":{"start":{"line":38,"column":6},"end":{"line":70,"column":7}},"7":{"start":{"line":39,"column":8},"end":{"line":39,"column":39}},"8":{"start":{"line":41,"column":23},"end":{"line":47,"column":10}},"9":{"start":{"line":49,"column":8},"end":{"line":51,"column":11}},"10":{"start":{"line":53,"column":8},"end":{"line":53,"column":39}},"11":{"start":{"line":54,"column":8},"end":{"line":57,"column":10}},"12":{"start":{"line":58,"column":8},"end":{"line":58,"column":28}},"13":{"start":{"line":60,"column":8},"end":{"line":64,"column":9}},"14":{"start":{"line":61,"column":25},"end":{"line":61,"column":49}},"15":{"start":{"line":62,"column":10},"end":{"line":62,"column":45}},"16":{"start":{"line":63,"column":10},"end":{"line":63,"column":17}},"17":{"start":{"line":66,"column":8},"end":{"line":69,"column":10}},"18":{"start":{"line":75,"column":2},"end":{"line":141,"column":4}},"19":{"start":{"line":100,"column":18},"end":{"line":100,"column":49}},"20":{"start":{"line":113,"column":18},"end":{"line":113,"column":52}},"21":{"start":{"line":123,"column":39},"end":{"line":123,"column":66}},"22":{"start":{"line":127,"column":39},"end":{"line":127,"column":68}},"23":{"start":{"line":136,"column":35},"end":{"line":136,"column":54}}},"fnMap":{"0":{"name":"(anonymous_0)","decl":{"start":{"line":29,"column":25},"end":{"line":29,"column":26}},"loc":{"start":{"line":29,"column":31},"end":{"line":142,"column":1}},"line":29},"1":{"name":"(anonymous_1)","decl":{"start":{"line":37,"column":4},"end":{"line":37,"column":5}},"loc":{"start":{"line":37,"column":36},"end":{"line":71,"column":5}},"line":37},"2":{"name":"(anonymous_2)","decl":{"start":{"line":99,"column":33},"end":{"line":99,"column":34}},"loc":{"start":{"line":99,"column":39},"end":{"line":101,"column":17}},"line":99},"3":{"name":"(anonymous_3)","decl":{"start":{"line":112,"column":33},"end":{"line":112,"column":34}},"loc":{"start":{"line":112,"column":39},"end":{"line":114,"column":17}},"line":112},"4":{"name":"(anonymous_4)","decl":{"start":{"line":123,"column":33},"end":{"line":123,"column":34}},"loc":{"start":{"line":123,"column":39},"end":{"line":123,"column":66}},"line":123},"5":{"name":"(anonymous_5)","decl":{"start":{"line":127,"column":33},"end":{"line":127,"column":34}},"loc":{"start":{"line":127,"column":39},"end":{"line":127,"column":68}},"line":127},"6":{"name":"(anonymous_6)","decl":{"start":{"line":136,"column":29},"end":{"line":136,"column":30}},"loc":{"start":{"line":136,"column":35},"end":{"line":136,"column":54}},"line":136}},"branchMap":{"0":{"loc":{"start":{"line":60,"column":8},"end":{"line":64,"column":9}},"type":"if","locations":[{"start":{"line":60,"column":8},"end":{"line":64,"column":9}},{"start":{"line":60,"column":8},"end":{"line":64,"column":9}}],"line":60},"1":{"loc":{"start":{"line":79,"column":18},"end":{"line":79,"column":63}},"type":"cond-expr","locations":[{"start":{"line":79,"column":42},"end":{"line":79,"column":51}},{"start":{"line":79,"column":54},"end":{"line":79,"column":63}}],"line":79}},"s":{"0":0,"1":0,"2":0,"3":0,"4":0,"5":0,"6":0,"7":0,"8":0,"9":0,"10":0,"11":0,"12":0,"13":0,"14":0,"15":0,"16":0,"17":0,"18":0,"19":0,"20":0,"21":0,"22":0,"23":0},"f":{"0":0,"1":0,"2":0,"3":0,"4":0,"5":0,"6":0},"b":{"0":[0,0],"1":[0,0]}}
}
